<?xml version="1.0" encoding="UTF-8"?>
<testng-results ignored="0" total="2" passed="0" failed="2" skipped="0">
  <reporter-output>
  </reporter-output>
  <suite started-at="2022-11-04T21:53:01 IST" name="Default suite" finished-at="2022-11-04T21:53:55 IST" duration-ms="54131">
    <groups>
    </groups>
    <test started-at="2022-11-04T21:53:01 IST" name="Default test" finished-at="2022-11-04T21:53:55 IST" duration-ms="54131">
      <class name="Test.VerifyAddToCartButton">
        <test-method is-config="true" signature="configureReports()[pri:0, instance:Test.VerifyAddToCartButton@38c6f217]" started-at="2022-11-04T21:53:01 IST" name="configureReports" finished-at="2022-11-04T21:53:02 IST" duration-ms="562" status="PASS">
          <reporter-output>
          </reporter-output>
        </test-method> <!-- configureReports -->
        <test-method is-config="true" signature="lunchBrowser()[pri:0, instance:Test.VerifyAddToCartButton@38c6f217]" started-at="2022-11-04T21:53:02 IST" name="lunchBrowser" finished-at="2022-11-04T21:53:46 IST" duration-ms="44678" status="PASS">
          <reporter-output>
          </reporter-output>
        </test-method> <!-- lunchBrowser -->
        <test-method signature="VerifyAddMultipleProductToCart()[pri:0, instance:Test.VerifyAddToCartButton@38c6f217]" started-at="2022-11-04T21:53:46 IST" name="VerifyAddMultipleProductToCart" finished-at="2022-11-04T21:53:46 IST" duration-ms="80" status="FAIL">
          <exception class="java.io.FileNotFoundException">
            <message>
              <![CDATA["C:\Users\lenovo\eclipse-workspace\Saucelabs\src\test\resources\shubhangi.xlsx" (The filename, directory name, or volume label syntax is incorrect)]]>
            </message>
            <full-stacktrace>
              <![CDATA[java.io.FileNotFoundException: "C:\Users\lenovo\eclipse-workspace\Saucelabs\src\test\resources\shubhangi.xlsx" (The filename, directory name, or volume label syntax is incorrect)
at java.base/java.io.FileInputStream.open0(Native Method)
at java.base/java.io.FileInputStream.open(FileInputStream.java:216)
at java.base/java.io.FileInputStream.<init>(FileInputStream.java:157)
at java.base/java.io.FileInputStream.<init>(FileInputStream.java:111)
at utility.parameterzation.getData(parameterzation.java:11)
at Test.VerifyAddToCartButton.VerifyAddMultipleProductToCart(VerifyAddToCartButton.java:52)
at java.base/jdk.internal.reflect.NativeMethodAccessorImpl.invoke0(Native Method)
at java.base/jdk.internal.reflect.NativeMethodAccessorImpl.invoke(NativeMethodAccessorImpl.java:77)
at java.base/jdk.internal.reflect.DelegatingMethodAccessorImpl.invoke(DelegatingMethodAccessorImpl.java:43)
at java.base/java.lang.reflect.Method.invoke(Method.java:568)
at org.testng.internal.MethodInvocationHelper.invokeMethod(MethodInvocationHelper.java:133)
at org.testng.internal.TestInvoker.invokeMethod(TestInvoker.java:598)
at org.testng.internal.TestInvoker.invokeTestMethod(TestInvoker.java:173)
at org.testng.internal.MethodRunner.runInSequence(MethodRunner.java:46)
at org.testng.internal.TestInvoker$MethodInvocationAgent.invoke(TestInvoker.java:824)
at org.testng.internal.TestInvoker.invokeTestMethods(TestInvoker.java:146)
at org.testng.internal.TestMethodWorker.invokeTestMethods(TestMethodWorker.java:146)
at org.testng.internal.TestMethodWorker.run(TestMethodWorker.java:128)
at java.base/java.util.ArrayList.forEach(ArrayList.java:1511)
at org.testng.TestRunner.privateRun(TestRunner.java:794)
at org.testng.TestRunner.run(TestRunner.java:596)
at org.testng.SuiteRunner.runTest(SuiteRunner.java:377)
at org.testng.SuiteRunner.runSequentially(SuiteRunner.java:371)
at org.testng.SuiteRunner.privateRun(SuiteRunner.java:332)
at org.testng.SuiteRunner.run(SuiteRunner.java:276)
at org.testng.SuiteRunnerWorker.runSuite(SuiteRunnerWorker.java:53)
at org.testng.SuiteRunnerWorker.run(SuiteRunnerWorker.java:96)
at org.testng.TestNG.runSuitesSequentially(TestNG.java:1212)
at org.testng.TestNG.runSuitesLocally(TestNG.java:1134)
at org.testng.TestNG.runSuites(TestNG.java:1063)
at org.testng.TestNG.run(TestNG.java:1031)
at org.testng.remote.AbstractRemoteTestNG.run(AbstractRemoteTestNG.java:115)
at org.testng.remote.RemoteTestNG.initAndRun(RemoteTestNG.java:251)
at org.testng.remote.RemoteTestNG.main(RemoteTestNG.java:77)
]]>
            </full-stacktrace>
          </exception> <!-- java.io.FileNotFoundException -->
          <reporter-output>
          </reporter-output>
        </test-method> <!-- VerifyAddMultipleProductToCart -->
        <test-method is-config="true" signature="getTestResults(org.testng.ITestResult)[pri:0, instance:Test.VerifyAddToCartButton@38c6f217]" started-at="2022-11-04T21:53:46 IST" name="getTestResults" finished-at="2022-11-04T21:53:46 IST" duration-ms="11" status="PASS">
          <params>
            <param index="0">
              <value>
                <![CDATA[[TestResult name=VerifyAddMultipleProductToCart status=FAILURE method=VerifyAddToCartButton.VerifyAddMultipleProductToCart()[pri:0, instance:Test.VerifyAddToCartButton@38c6f217] output={null}]]]>
              </value>
            </param>
          </params>
          <reporter-output>
          </reporter-output>
        </test-method> <!-- getTestResults -->
        <test-method is-config="true" signature="lunchBrowser()[pri:0, instance:Test.VerifyAddToCartButton@38c6f217]" started-at="2022-11-04T21:53:46 IST" name="lunchBrowser" finished-at="2022-11-04T21:53:54 IST" duration-ms="8062" status="PASS">
          <reporter-output>
          </reporter-output>
        </test-method> <!-- lunchBrowser -->
        <test-method signature="VerifyAddToCartButton()[pri:0, instance:Test.VerifyAddToCartButton@38c6f217]" started-at="2022-11-04T21:53:54 IST" name="VerifyAddToCartButton" finished-at="2022-11-04T21:53:54 IST" duration-ms="3" status="FAIL">
          <exception class="java.io.FileNotFoundException">
            <message>
              <![CDATA["C:\Users\lenovo\eclipse-workspace\Saucelabs\src\test\resources\shubhangi.xlsx" (The filename, directory name, or volume label syntax is incorrect)]]>
            </message>
            <full-stacktrace>
              <![CDATA[java.io.FileNotFoundException: "C:\Users\lenovo\eclipse-workspace\Saucelabs\src\test\resources\shubhangi.xlsx" (The filename, directory name, or volume label syntax is incorrect)
at java.base/java.io.FileInputStream.open0(Native Method)
at java.base/java.io.FileInputStream.open(FileInputStream.java:216)
at java.base/java.io.FileInputStream.<init>(FileInputStream.java:157)
at java.base/java.io.FileInputStream.<init>(FileInputStream.java:111)
at utility.parameterzation.getData(parameterzation.java:11)
at Test.VerifyAddToCartButton.VerifyAddToCartButton(VerifyAddToCartButton.java:40)
at java.base/jdk.internal.reflect.NativeMethodAccessorImpl.invoke0(Native Method)
at java.base/jdk.internal.reflect.NativeMethodAccessorImpl.invoke(NativeMethodAccessorImpl.java:77)
at java.base/jdk.internal.reflect.DelegatingMethodAccessorImpl.invoke(DelegatingMethodAccessorImpl.java:43)
at java.base/java.lang.reflect.Method.invoke(Method.java:568)
at org.testng.internal.MethodInvocationHelper.invokeMethod(MethodInvocationHelper.java:133)
at org.testng.internal.TestInvoker.invokeMethod(TestInvoker.java:598)
at org.testng.internal.TestInvoker.invokeTestMethod(TestInvoker.java:173)
at org.testng.internal.MethodRunner.runInSequence(MethodRunner.java:46)
at org.testng.internal.TestInvoker$MethodInvocationAgent.invoke(TestInvoker.java:824)
at org.testng.internal.TestInvoker.invokeTestMethods(TestInvoker.java:146)
at org.testng.internal.TestMethodWorker.invokeTestMethods(TestMethodWorker.java:146)
at org.testng.internal.TestMethodWorker.run(TestMethodWorker.java:128)
at java.base/java.util.ArrayList.forEach(ArrayList.java:1511)
at org.testng.TestRunner.privateRun(TestRunner.java:794)
at org.testng.TestRunner.run(TestRunner.java:596)
at org.testng.SuiteRunner.runTest(SuiteRunner.java:377)
at org.testng.SuiteRunner.runSequentially(SuiteRunner.java:371)
at org.testng.SuiteRunner.privateRun(SuiteRunner.java:332)
at org.testng.SuiteRunner.run(SuiteRunner.java:276)
at org.testng.SuiteRunnerWorker.runSuite(SuiteRunnerWorker.java:53)
at org.testng.SuiteRunnerWorker.run(SuiteRunnerWorker.java:96)
at org.testng.TestNG.runSuitesSequentially(TestNG.java:1212)
at org.testng.TestNG.runSuitesLocally(TestNG.java:1134)
at org.testng.TestNG.runSuites(TestNG.java:1063)
at org.testng.TestNG.run(TestNG.java:1031)
at org.testng.remote.AbstractRemoteTestNG.run(AbstractRemoteTestNG.java:115)
at org.testng.remote.RemoteTestNG.initAndRun(RemoteTestNG.java:251)
at org.testng.remote.RemoteTestNG.main(RemoteTestNG.java:77)
]]>
            </full-stacktrace>
          </exception> <!-- java.io.FileNotFoundException -->
          <reporter-output>
          </reporter-output>
        </test-method> <!-- VerifyAddToCartButton -->
        <test-method is-config="true" signature="getTestResults(org.testng.ITestResult)[pri:0, instance:Test.VerifyAddToCartButton@38c6f217]" started-at="2022-11-04T21:53:54 IST" name="getTestResults" finished-at="2022-11-04T21:53:54 IST" duration-ms="3" status="PASS">
          <params>
            <param index="0">
              <value>
                <![CDATA[[TestResult name=VerifyAddToCartButton status=FAILURE method=VerifyAddToCartButton.VerifyAddToCartButton()[pri:0, instance:Test.VerifyAddToCartButton@38c6f217] output={null}]]]>
              </value>
            </param>
          </params>
          <reporter-output>
          </reporter-output>
        </test-method> <!-- getTestResults -->
        <test-method is-config="true" signature="publicisResult()[pri:0, instance:Test.VerifyAddToCartButton@38c6f217]" started-at="2022-11-04T21:53:54 IST" name="publicisResult" finished-at="2022-11-04T21:53:55 IST" duration-ms="652" status="PASS">
          <reporter-output>
          </reporter-output>
        </test-method> <!-- publicisResult -->
      </class> <!-- Test.VerifyAddToCartButton -->
    </test> <!-- Default test -->
  </suite> <!-- Default suite -->
</testng-results>
